<?xml version="1.0" encoding="UTF-8"?>
<!-- Generated by org.testng.reporters.JUnitReportReporter -->
<testsuite hostname="Aarush" failures="0" tests="4" name="com.facebooksignup.qa.testcases.SignupPageTest" time="73.902" errors="0" timestamp="30 Aug. 2019 06:51:43 GMT" skipped="0">
  <testcase classname="com.facebooksignup.qa.testcases.SignupPageTest" name="validateFacebookRegistration" time="18.681"/>
  <testcase classname="com.facebooksignup.qa.testcases.SignupPageTest" name="validateFacebookRegistration" time="18.379"/>
  <testcase classname="com.facebooksignup.qa.testcases.SignupPageTest" name="validateFacebookRegistration" time="18.155"/>
  <testcase classname="com.facebooksignup.qa.testcases.SignupPageTest" name="validateFacebookRegistration" time="18.687"/>
</testsuite> <!-- com.facebooksignup.qa.testcases.SignupPageTest -->
